#
# There is insufficient memory for the Java Runtime Environment to continue.
# Native memory allocation (malloc) failed to allocate 1048576 bytes for AllocateHeap
# Possible reasons:
#   The system is out of physical RAM or swap space
#   In 32 bit mode, the process size limit was hit
# Possible solutions:
#   Reduce memory load on the system
#   Increase physical memory or swap space
#   Check if swap backing store is full
#   Use 64 bit Java on a 64 bit OS
#   Decrease Java heap size (-Xmx/-Xms)
#   Decrease number of Java threads
#   Decrease Java thread stack sizes (-Xss)
#   Set larger code cache with -XX:ReservedCodeCacheSize=
# This output file may be truncated or incomplete.
#
#  Out of Memory Error (memory/allocation.inline.hpp:61), pid=14720, tid=0x0000000000005048
#
# JRE version:  (8.0_111-b14) (build )
# Java VM: Java HotSpot(TM) 64-Bit Server VM (25.111-b14 mixed mode windows-amd64 compressed oops)
# Failed to write core dump. Minidumps are not enabled by default on client versions of Windows
#

---------------  T H R E A D  ---------------

Current thread (0x0000000002c40800):  JavaThread "Unknown thread" [_thread_in_vm, id=20552, stack(0x0000000002b40000,0x0000000002c40000)]

Stack: [0x0000000002b40000,0x0000000002c40000]
[error occurred during error reporting (printing stack bounds), id 0xc0000005]

Native frames: (J=compiled Java code, j=interpreted, Vv=VM code, C=native code)


---------------  P R O C E S S  ---------------

Java Threads: ( => current thread )

Other Threads:

=>0x0000000002c40800 (exited) JavaThread "Unknown thread" [_thread_in_vm, id=20552, stack(0x0000000002b40000,0x0000000002c40000)]

VM state:not at safepoint (normal execution)

VM Mutex/Monitor currently owned by a thread: None

Heap:
 PSYoungGen      total 37888K, used 655K [0x00000000d6180000, 0x00000000d8b80000, 0x0000000100000000)
  eden space 32768K, 2% used [0x00000000d6180000,0x00000000d6223d80,0x00000000d8180000)
  from space 5120K, 0% used [0x00000000d8680000,0x00000000d8680000,0x00000000d8b80000)
  to   space 5120K, 0% used [0x00000000d8180000,0x00000000d8180000,0x00000000d8680000)
 ParOldGen       total 86016K, used 0K [0x0000000082400000, 0x0000000087800000, 0x00000000d6180000)
  object space 86016K, 0% used [0x0000000082400000,0x0000000082400000,0x0000000087800000)
 Metaspace       used 770K, capacity 4480K, committed 4480K, reserved 1056768K
  class space    used 75K, capacity 384K, committed 384K, reserved 1048576K

Card table byte_map: [0x0000000012100000,0x00000000124f0000] byte_map_base: 0x0000000011cee000

Marking Bits: (ParMarkBitMap*) 0x000000007236a6c0
 Begin Bits: [0x0000000012f90000, 0x0000000014f00000)
 End Bits:   [0x0000000014f00000, 0x0000000016e70000)

Polling page: 0x0000000002980000

CodeCache: size=245760Kb used=328Kb max_used=328Kb free=245431Kb
 bounds [0x0000000002d40000, 0x0000000002fb0000, 0x0000000011d40000]
 total_blobs=58 nmethods=0 adapters=38
 compilation: enabled

Compilation events (0 events):
No events

GC Heap History (0 events):
No events

Deoptimization events (0 events):
No events

Internal exceptions (0 events):
No events

Events (10 events):
Event: 0.032 loading class java/lang/Short
Event: 0.032 loading class java/lang/Short done
Event: 0.032 loading class java/lang/Integer
Event: 0.032 loading class java/lang/Integer done
Event: 0.032 loading class java/lang/Long
Event: 0.033 loading class java/lang/Long done
Event: 0.034 loading class java/lang/NullPointerException
Event: 0.034 loading class java/lang/NullPointerException done
Event: 0.034 loading class java/lang/ArithmeticException
Event: 0.034 loading class java/lang/ArithmeticException done


Dynamic libraries:
0x00007ff7d00d0000 - 0x00007ff7d0107000 	C:\Program Files\Java\jdk1.8.0_111\bin\java.exe
0x00007ffbfbab0000 - 0x00007ffbfbcc4000 	C:\WINDOWS\SYSTEM32\ntdll.dll
0x00007ffbf9d10000 - 0x00007ffbf9dd3000 	C:\WINDOWS\System32\KERNEL32.DLL
0x00007ffbf9100000 - 0x00007ffbf949d000 	C:\WINDOWS\System32\KERNELBASE.dll
0x00007ffbfa460000 - 0x00007ffbfa50e000 	C:\WINDOWS\System32\ADVAPI32.dll
0x00007ffbfa6c0000 - 0x00007ffbfa767000 	C:\WINDOWS\System32\msvcrt.dll
0x00007ffbf9910000 - 0x00007ffbf99b4000 	C:\WINDOWS\System32\sechost.dll
0x00007ffbf9be0000 - 0x00007ffbf9cf5000 	C:\WINDOWS\System32\RPCRT4.dll
0x00007ffbfa510000 - 0x00007ffbfa6bd000 	C:\WINDOWS\System32\USER32.dll
0x00007ffbf94a0000 - 0x00007ffbf94c6000 	C:\WINDOWS\System32\win32u.dll
0x00007ffbfa340000 - 0x00007ffbfa369000 	C:\WINDOWS\System32\GDI32.dll
0x00007ffbf9780000 - 0x00007ffbf9892000 	C:\WINDOWS\System32\gdi32full.dll
0x00007ffbf9060000 - 0x00007ffbf90fa000 	C:\WINDOWS\System32\msvcp_win.dll
0x00007ffbf8f40000 - 0x00007ffbf9051000 	C:\WINDOWS\System32\ucrtbase.dll
0x00007ffbdf0e0000 - 0x00007ffbdf36e000 	C:\WINDOWS\WinSxS\amd64_microsoft.windows.common-controls_6595b64144ccf1df_6.0.22621.608_none_a9444ca7c10bb01d\COMCTL32.dll
0x00007ffbf9b80000 - 0x00007ffbf9bb2000 	C:\WINDOWS\System32\IMM32.DLL
0x0000000071a70000 - 0x0000000071b42000 	C:\Program Files\Java\jdk1.8.0_111\jre\bin\msvcr100.dll
0x0000000071b50000 - 0x00000000723ea000 	C:\Program Files\Java\jdk1.8.0_111\jre\bin\server\jvm.dll
0x00007ffbfa450000 - 0x00007ffbfa458000 	C:\WINDOWS\System32\PSAPI.DLL
0x00007ffbdf060000 - 0x00007ffbdf069000 	C:\WINDOWS\SYSTEM32\WSOCK32.dll
0x00007ffbf2700000 - 0x00007ffbf2734000 	C:\WINDOWS\SYSTEM32\WINMM.dll
0x00007ffbf2680000 - 0x00007ffbf268a000 	C:\WINDOWS\SYSTEM32\VERSION.dll
0x00007ffbfb8e0000 - 0x00007ffbfb951000 	C:\WINDOWS\System32\WS2_32.dll
0x0000000071a20000 - 0x0000000071a2f000 	C:\Program Files\Java\jdk1.8.0_111\jre\bin\verify.dll
0x00000000719f0000 - 0x0000000071a19000 	C:\Program Files\Java\jdk1.8.0_111\jre\bin\java.dll
0x00000000719d0000 - 0x00000000719e6000 	C:\Program Files\Java\jdk1.8.0_111\jre\bin\zip.dll

VM Arguments:
jvm_args: -Dfile.encoding=UTF-8 
java_command: perikanan.Perikanan
java_class_path (initial): C:\Users\j\Documents\NetBeansProjects\Perikanan\build\classes
Launcher Type: SUN_STANDARD

Environment Variables:
PATH=C:\ProgramData\Oracle\Java\javapath;C:\Program Files (x86)\Common Files\Intel\Shared Files\cpp\bin\Intel64;C:\WINDOWS\system32;C:\WINDOWS;C:\WINDOWS\System32\Wbem;C:\WINDOWS\System32\WindowsPowerShell\v1.0\;C:\WINDOWS\System32\OpenSSH\;C:\Program Files (x86)\dotnet\;C:\Program Files\Git\cmd;C:\Users\j\AppData\Local\Microsoft\WindowsApps;;C:\Users\j\AppData\Local\Programs\Microsoft VS Code\bin
USERNAME=j
OS=Windows_NT
PROCESSOR_IDENTIFIER=Intel64 Family 6 Model 158 Stepping 10, GenuineIntel



---------------  S Y S T E M  ---------------

OS: Windows 10.0 , 64 bit Build 22621 (10.0.22621.963)

CPU:total 8 (4 cores per cpu, 2 threads per core) family 6 model 158 stepping 10, cmov, cx8, fxsr, mmx, sse, sse2, sse3, ssse3, sse4.1, sse4.2, popcnt, avx, avx2, aes, clmul, erms, 3dnowpref, lzcnt, ht, tsc, tscinvbit, bmi1, bmi2, adx

Memory: 4k page, physical 8236600k(834152k free), swap 20942268k(4816k free)

vm_info: Java HotSpot(TM) 64-Bit Server VM (25.111-b14) for windows-amd64 JRE (1.8.0_111-b14), built on Sep 22 2016 19:24:05 by "java_re" with MS VC++ 10.0 (VS2010)

time: Sun Dec 25 21:51:50 2022
elapsed time: 0 seconds (0d 0h 0m 0s)

